<?xml version="1.0" encoding="UTF-8"?>
<testsuite name="MainTest" tests="1" skipped="0" failures="0" errors="0" timestamp="2024-09-09T11:35:57" hostname="pb0b0957667" time="0.038">
  <properties/>
  <testcase name="Implemented the NotQuiteLisp.getResult method" classname="MainTest" time="0.038"/>
  <system-out><![CDATA[]]></system-out>
  <system-err><![CDATA[]]></system-err>
</testsuite>
